  1000.cpp
c:\users\l\source\repos\baekjoon\baekjoon\1000.cpp(5): warning C4996: 'scanf': This function or variable may be unsafe. Consider using scanf_s instead. To disable deprecation, use _CRT_SECURE_NO_WARNINGS. See online help for details.
  c:\program files (x86)\windows kits\10\include\10.0.17763.0\ucrt\stdio.h(1274): note: 'scanf' 선언을 참조하십시오.
  2675.cpp
c:\users\l\source\repos\baekjoon\baekjoon\2675.cpp(16): warning C4477: 'printf' : 서식 문자열 '%c'에 'int' 형식의 인수가 필요하지만 variadic 인수 1의 형식이 'char *'입니다.
c:\users\l\source\repos\baekjoon\baekjoon\2675.cpp(5): warning C4996: 'scanf': This function or variable may be unsafe. Consider using scanf_s instead. To disable deprecation, use _CRT_SECURE_NO_WARNINGS. See online help for details.
  c:\program files (x86)\windows kits\10\include\10.0.17763.0\ucrt\stdio.h(1274): note: 'scanf' 선언을 참조하십시오.
c:\users\l\source\repos\baekjoon\baekjoon\2675.cpp(10): warning C4996: 'scanf': This function or variable may be unsafe. Consider using scanf_s instead. To disable deprecation, use _CRT_SECURE_NO_WARNINGS. See online help for details.
  c:\program files (x86)\windows kits\10\include\10.0.17763.0\ucrt\stdio.h(1274): note: 'scanf' 선언을 참조하십시오.
  5622.cpp
c:\users\l\source\repos\baekjoon\baekjoon\5622.cpp(5): warning C4996: 'scanf': This function or variable may be unsafe. Consider using scanf_s instead. To disable deprecation, use _CRT_SECURE_NO_WARNINGS. See online help for details.
  c:\program files (x86)\windows kits\10\include\10.0.17763.0\ucrt\stdio.h(1274): note: 'scanf' 선언을 참조하십시오.
  소스.cpp
c:\users\l\source\repos\baekjoon\baekjoon\소스.cpp(85): error C2059: 구문 오류: '.'
c:\users\l\source\repos\baekjoon\baekjoon\소스.cpp(85): error C2143: 구문 오류: ';'이(가) '}' 앞에 없습니다.
c:\users\l\source\repos\baekjoon\baekjoon\소스.cpp(86): error C2059: 구문 오류: '.'
c:\users\l\source\repos\baekjoon\baekjoon\소스.cpp(86): error C2143: 구문 오류: ';'이(가) '}' 앞에 없습니다.
c:\users\l\source\repos\baekjoon\baekjoon\소스.cpp(86): error C2059: 구문 오류: '}'
c:\users\l\source\repos\baekjoon\baekjoon\소스.cpp(87): error C2059: 구문 오류: '.'
c:\users\l\source\repos\baekjoon\baekjoon\소스.cpp(87): error C2143: 구문 오류: ';'이(가) '}' 앞에 없습니다.
c:\users\l\source\repos\baekjoon\baekjoon\소스.cpp(87): error C2059: 구문 오류: '}'
c:\users\l\source\repos\baekjoon\baekjoon\소스.cpp(88): error C2059: 구문 오류: '.'
c:\users\l\source\repos\baekjoon\baekjoon\소스.cpp(88): error C2143: 구문 오류: ';'이(가) '}' 앞에 없습니다.
c:\users\l\source\repos\baekjoon\baekjoon\소스.cpp(88): error C2059: 구문 오류: '}'
c:\users\l\source\repos\baekjoon\baekjoon\소스.cpp(91): error C4430: 형식 지정자가 없습니다. int로 가정합니다. 참고: C++에서는 기본 int를 지원하지 않습니다.
c:\users\l\source\repos\baekjoon\baekjoon\소스.cpp(91): error C2065: 'x1': 선언되지 않은 식별자입니다.
c:\users\l\source\repos\baekjoon\baekjoon\소스.cpp(91): error C2065: 'x2': 선언되지 않은 식별자입니다.
c:\users\l\source\repos\baekjoon\baekjoon\소스.cpp(92): error C4430: 형식 지정자가 없습니다. int로 가정합니다. 참고: C++에서는 기본 int를 지원하지 않습니다.
c:\users\l\source\repos\baekjoon\baekjoon\소스.cpp(92): error C2365: 'printf': 재정의: 이전 정의는 '함수'입니다.
  c:\program files (x86)\windows kits\10\include\10.0.17763.0\ucrt\stdio.h(948): note: 'printf' 선언을 참조하십시오.
c:\users\l\source\repos\baekjoon\baekjoon\소스.cpp(95): error C2065: 'y1': 선언되지 않은 식별자입니다.
c:\users\l\source\repos\baekjoon\baekjoon\소스.cpp(95): error C2065: 'y2': 선언되지 않은 식별자입니다.
c:\users\l\source\repos\baekjoon\baekjoon\소스.cpp(95): error C4430: 형식 지정자가 없습니다. int로 가정합니다. 참고: C++에서는 기본 int를 지원하지 않습니다.
c:\users\l\source\repos\baekjoon\baekjoon\소스.cpp(95): error C2365: 'sum_y': 재정의: 이전 정의는 '함수'입니다.
  c:\users\l\source\repos\baekjoon\baekjoon\소스.cpp(29): note: 'sum_y' 선언을 참조하십시오.
c:\users\l\source\repos\baekjoon\baekjoon\소스.cpp(96): error C4430: 형식 지정자가 없습니다. int로 가정합니다. 참고: C++에서는 기본 int를 지원하지 않습니다.
c:\users\l\source\repos\baekjoon\baekjoon\소스.cpp(96): error C2365: 'printf': 재정의: 이전 정의는 '함수'입니다.
  c:\program files (x86)\windows kits\10\include\10.0.17763.0\ucrt\stdio.h(948): note: 'printf' 선언을 참조하십시오.
c:\users\l\source\repos\baekjoon\baekjoon\소스.cpp(99): error C4430: 형식 지정자가 없습니다. int로 가정합니다. 참고: C++에서는 기본 int를 지원하지 않습니다.
c:\users\l\source\repos\baekjoon\baekjoon\소스.cpp(99): error C2365: 'Point2_to_Point1': 재정의: 이전 정의는 '함수'입니다.
  c:\users\l\source\repos\baekjoon\baekjoon\소스.cpp(42): note: 'Point2_to_Point1' 선언을 참조하십시오.
c:\users\l\source\repos\baekjoon\baekjoon\소스.cpp(102): error C4430: 형식 지정자가 없습니다. int로 가정합니다. 참고: C++에서는 기본 int를 지원하지 않습니다.
c:\users\l\source\repos\baekjoon\baekjoon\소스.cpp(102): error C2065: 'P1': 선언되지 않은 식별자입니다.
c:\users\l\source\repos\baekjoon\baekjoon\소스.cpp(103): error C4430: 형식 지정자가 없습니다. int로 가정합니다. 참고: C++에서는 기본 int를 지원하지 않습니다.
c:\users\l\source\repos\baekjoon\baekjoon\소스.cpp(103): error C2365: 'printf': 재정의: 이전 정의는 '함수'입니다.
  c:\program files (x86)\windows kits\10\include\10.0.17763.0\ucrt\stdio.h(948): note: 'printf' 선언을 참조하십시오.
c:\users\l\source\repos\baekjoon\baekjoon\소스.cpp(106): error C2065: 'P1': 선언되지 않은 식별자입니다.
c:\users\l\source\repos\baekjoon\baekjoon\소스.cpp(106): error C4430: 형식 지정자가 없습니다. int로 가정합니다. 참고: C++에서는 기본 int를 지원하지 않습니다.
c:\users\l\source\repos\baekjoon\baekjoon\소스.cpp(106): error C2365: 'Point1_to_Point2': 재정의: 이전 정의는 '함수'입니다.
  c:\users\l\source\repos\baekjoon\baekjoon\소스.cpp(35): note: 'Point1_to_Point2' 선언을 참조하십시오.
c:\users\l\source\repos\baekjoon\baekjoon\소스.cpp(109): error C4430: 형식 지정자가 없습니다. int로 가정합니다. 참고: C++에서는 기본 int를 지원하지 않습니다.
c:\users\l\source\repos\baekjoon\baekjoon\소스.cpp(109): error C2365: 'calc_area2': 재정의: 이전 정의는 '함수'입니다.
  c:\users\l\source\repos\baekjoon\baekjoon\소스.cpp(58): note: 'calc_area2' 선언을 참조하십시오.
c:\users\l\source\repos\baekjoon\baekjoon\소스.cpp(110): error C4430: 형식 지정자가 없습니다. int로 가정합니다. 참고: C++에서는 기본 int를 지원하지 않습니다.
c:\users\l\source\repos\baekjoon\baekjoon\소스.cpp(110): error C2365: 'printf': 재정의: 이전 정의는 '함수'입니다.
  c:\program files (x86)\windows kits\10\include\10.0.17763.0\ucrt\stdio.h(948): note: 'printf' 선언을 참조하십시오.
c:\users\l\source\repos\baekjoon\baekjoon\소스.cpp(113): error C2065: 'word': 선언되지 않은 식별자입니다.
c:\users\l\source\repos\baekjoon\baekjoon\소스.cpp(113): error C4430: 형식 지정자가 없습니다. int로 가정합니다. 참고: C++에서는 기본 int를 지원하지 않습니다.
c:\users\l\source\repos\baekjoon\baekjoon\소스.cpp(113): error C2365: 'strcpy': 재정의: 이전 정의는 '함수'입니다.
  c:\program files (x86)\windows kits\10\include\10.0.17763.0\ucrt\string.h(133): note: 'strcpy' 선언을 참조하십시오.
c:\users\l\source\repos\baekjoon\baekjoon\소스.cpp(114): error C2065: 'word': 선언되지 않은 식별자입니다.
c:\users\l\source\repos\baekjoon\baekjoon\소스.cpp(114): error C4430: 형식 지정자가 없습니다. int로 가정합니다. 참고: C++에서는 기본 int를 지원하지 않습니다.
c:\users\l\source\repos\baekjoon\baekjoon\소스.cpp(114): error C2365: 'printf': 재정의: 이전 정의는 '함수'입니다.
  c:\program files (x86)\windows kits\10\include\10.0.17763.0\ucrt\stdio.h(948): note: 'printf' 선언을 참조하십시오.
c:\users\l\source\repos\baekjoon\baekjoon\소스.cpp(116): error C4430: 형식 지정자가 없습니다. int로 가정합니다. 참고: C++에서는 기본 int를 지원하지 않습니다.
c:\users\l\source\repos\baekjoon\baekjoon\소스.cpp(116): error C2365: 'free': 재정의: 이전 정의는 '함수'입니다.
  c:\program files (x86)\windows kits\10\include\10.0.17763.0\ucrt\corecrt_malloc.h(85): note: 'free' 선언을 참조하십시오.
c:\users\l\source\repos\baekjoon\baekjoon\소스.cpp(117): error C4430: 형식 지정자가 없습니다. int로 가정합니다. 참고: C++에서는 기본 int를 지원하지 않습니다.
c:\users\l\source\repos\baekjoon\baekjoon\소스.cpp(117): error C2365: 'free': 재정의: 이전 정의는 '함수'입니다.
  c:\program files (x86)\windows kits\10\include\10.0.17763.0\ucrt\corecrt_malloc.h(85): note: 'free' 선언을 참조하십시오.
c:\users\l\source\repos\baekjoon\baekjoon\소스.cpp(118): error C2059: 구문 오류: 'return'
c:\users\l\source\repos\baekjoon\baekjoon\소스.cpp(119): error C2059: 구문 오류: '}'
c:\users\l\source\repos\baekjoon\baekjoon\소스.cpp(119): error C2143: 구문 오류: ';'이(가) '}' 앞에 없습니다.
  코드를 생성하고 있습니다...
