c:\users\l\source\repos\baekjoon\baekjoon\debug\vc141.pdb
c:\users\l\source\repos\baekjoon\baekjoon\debug\vc141.idb
c:\users\l\source\repos\baekjoon\baekjoon\debug\2557.obj
c:\users\l\source\repos\baekjoon\baekjoon\debug\10718.obj
c:\users\l\source\repos\baekjoon\baekjoon\debug\10171.obj
c:\users\l\source\repos\baekjoon\baekjoon\debug\1000.obj
c:\users\l\source\repos\baekjoon\baekjoon\debug\10172.obj
c:\users\l\source\repos\baekjoon\baekjoon\debug\7287.obj
c:\users\l\source\repos\baekjoon\baekjoon\debug\2588.obj
c:\users\l\source\repos\baekjoon\baekjoon\debug\10998.obj
c:\users\l\source\repos\baekjoon\baekjoon\debug\1001.obj
c:\users\l\source\repos\baekjoon\baekjoon\debug\1330.obj
c:\users\l\source\repos\baekjoon\baekjoon\debug\2753.obj
c:\users\l\source\repos\baekjoon\baekjoon\debug\2884.obj
c:\users\l\source\repos\baekjoon\baekjoon\debug\2739.obj
c:\users\l\source\repos\baekjoon\baekjoon\debug\2438.obj
c:\users\l\source\repos\baekjoon\baekjoon\debug\2439.obj
c:\users\l\source\repos\baekjoon\baekjoon\debug\10871.obj
c:\users\l\source\repos\baekjoon\baekjoon\debug\10952.obj
c:\users\l\source\repos\baekjoon\baekjoon\debug\10951.obj
c:\users\l\source\repos\baekjoon\baekjoon\debug\1110.obj
c:\users\l\source\repos\baekjoon\baekjoon\debug\2562.obj
c:\users\l\source\repos\baekjoon\baekjoon\debug\10818.obj
c:\users\l\source\repos\baekjoon\baekjoon\debug\2920.obj
c:\users\l\source\repos\baekjoon\baekjoon\debug\2577.obj
c:\users\l\source\repos\baekjoon\baekjoon\debug\3052.obj
c:\users\l\source\repos\baekjoon\baekjoon\debug\1546.obj
c:\users\l\source\repos\baekjoon\baekjoon\debug\8958.obj
c:\users\l\source\repos\baekjoon\baekjoon\debug\4344.obj
c:\users\l\source\repos\baekjoon\baekjoon\debug\4673.obj
c:\users\l\source\repos\baekjoon\baekjoon\debug\2440.obj
c:\users\l\source\repos\baekjoon\baekjoon\debug\15596.obj
c:\users\l\source\repos\baekjoon\baekjoon\debug\2441.obj
c:\users\l\source\repos\baekjoon\baekjoon\debug\2558.obj
c:\users\l\source\repos\baekjoon\baekjoon\debug\1924.obj
c:\users\l\source\repos\baekjoon\baekjoon\debug\11720.obj
c:\users\l\source\repos\baekjoon\baekjoon\debug\11654.obj
c:\users\l\source\repos\baekjoon\debug\baekjoon.exe
c:\users\l\source\repos\baekjoon\debug\baekjoon.ilk
c:\users\l\source\repos\baekjoon\debug\baekjoon.pdb
c:\users\l\source\repos\baekjoon\baekjoon\debug\baekjoon.tlog\cl.command.1.tlog
c:\users\l\source\repos\baekjoon\baekjoon\debug\baekjoon.tlog\cl.read.1.tlog
c:\users\l\source\repos\baekjoon\baekjoon\debug\baekjoon.tlog\cl.write.1.tlog
c:\users\l\source\repos\baekjoon\baekjoon\debug\baekjoon.tlog\link.command.1.tlog
c:\users\l\source\repos\baekjoon\baekjoon\debug\baekjoon.tlog\link.read.1.tlog
c:\users\l\source\repos\baekjoon\baekjoon\debug\baekjoon.tlog\link.write.1.tlog
